<?xml version="1.0" encoding="UTF-8"?>
<!-- Generated by org.testng.reporters.JUnitReportReporter -->
<testsuite hostname="DELL" failures="0" tests="1" name="com.wipro.selenium.test.FirstTest" time="4.249" errors="0" timestamp="2025-06-01T21:52:24 IST" skipped="0">
  <testcase classname="com.wipro.selenium.test.FirstTest" name="test1" time="4.249"/>
</testsuite> <!-- com.wipro.selenium.test.FirstTest -->
