<?xml version="1.0" encoding="UTF-8"?>
<!-- Generated by org.testng.reporters.JUnitReportReporter -->
<testsuite hostname="DELL" failures="0" tests="1" name="tests.RegisterTest" time="32.598" errors="0" timestamp="2025-06-08T15:43:18 IST" skipped="0">
  <testcase classname="tests.RegisterTest" name="registerUserTest" time="32.598"/>
</testsuite> <!-- tests.RegisterTest -->
